INFO: [VRFC 10-2263] Analyzing Verilog file "C:/Users/Fiee/Documents/GitHouse/Riscv-design/project/project.sim/sim_1/synth/timing/xsim/Risc5CPU_tb_v_time_synth.v" into library xil_defaultlib
INFO: [VRFC 10-311] analyzing module RAM32M_UNIQ_BASE_
INFO: [VRFC 10-311] analyzing module RAM32M_HD223
INFO: [VRFC 10-311] analyzing module RAM32M_HD224
INFO: [VRFC 10-311] analyzing module RAM32M_HD225
INFO: [VRFC 10-311] analyzing module RAM32M_HD227
INFO: [VRFC 10-311] analyzing module RAM32M_HD228
INFO: [VRFC 10-311] analyzing module RAM32M_HD229
INFO: [VRFC 10-311] analyzing module RAM32M_HD230
INFO: [VRFC 10-311] analyzing module RAM32M_HD231
INFO: [VRFC 10-311] analyzing module RAM32M_HD234
INFO: [VRFC 10-311] analyzing module RAM32X1D_UNIQ_BASE_
INFO: [VRFC 10-311] analyzing module RAM32X1D_HD226
INFO: [VRFC 10-311] analyzing module RAM32X1D_HD232
INFO: [VRFC 10-311] analyzing module RAM32X1D_HD233
INFO: [VRFC 10-311] analyzing module RAM64X1S_UNIQ_BASE_
INFO: [VRFC 10-311] analyzing module RAM64X1S_HD192
INFO: [VRFC 10-311] analyzing module RAM64X1S_HD193
INFO: [VRFC 10-311] analyzing module RAM64X1S_HD194
INFO: [VRFC 10-311] analyzing module RAM64X1S_HD195
INFO: [VRFC 10-311] analyzing module RAM64X1S_HD196
INFO: [VRFC 10-311] analyzing module RAM64X1S_HD197
INFO: [VRFC 10-311] analyzing module RAM64X1S_HD198
INFO: [VRFC 10-311] analyzing module RAM64X1S_HD199
INFO: [VRFC 10-311] analyzing module RAM64X1S_HD200
INFO: [VRFC 10-311] analyzing module RAM64X1S_HD201
INFO: [VRFC 10-311] analyzing module RAM64X1S_HD202
INFO: [VRFC 10-311] analyzing module RAM64X1S_HD203
INFO: [VRFC 10-311] analyzing module RAM64X1S_HD204
INFO: [VRFC 10-311] analyzing module RAM64X1S_HD205
INFO: [VRFC 10-311] analyzing module RAM64X1S_HD206
INFO: [VRFC 10-311] analyzing module RAM64X1S_HD207
INFO: [VRFC 10-311] analyzing module RAM64X1S_HD208
INFO: [VRFC 10-311] analyzing module RAM64X1S_HD209
INFO: [VRFC 10-311] analyzing module RAM64X1S_HD210
INFO: [VRFC 10-311] analyzing module RAM64X1S_HD211
INFO: [VRFC 10-311] analyzing module RAM64X1S_HD212
INFO: [VRFC 10-311] analyzing module RAM64X1S_HD213
INFO: [VRFC 10-311] analyzing module RAM64X1S_HD214
INFO: [VRFC 10-311] analyzing module RAM64X1S_HD215
INFO: [VRFC 10-311] analyzing module RAM64X1S_HD216
INFO: [VRFC 10-311] analyzing module RAM64X1S_HD217
INFO: [VRFC 10-311] analyzing module RAM64X1S_HD218
INFO: [VRFC 10-311] analyzing module RAM64X1S_HD219
INFO: [VRFC 10-311] analyzing module RAM64X1S_HD220
INFO: [VRFC 10-311] analyzing module RAM64X1S_HD221
INFO: [VRFC 10-311] analyzing module RAM64X1S_HD222
INFO: [VRFC 10-311] analyzing module ALU
INFO: [VRFC 10-311] analyzing module BranchTest
INFO: [VRFC 10-311] analyzing module DM_WB_PipeReg
INFO: [VRFC 10-311] analyzing module DRAM
INFO: [VRFC 10-311] analyzing module EX
INFO: [VRFC 10-311] analyzing module EX_mem_PinpeReg
INFO: [VRFC 10-311] analyzing module ID
INFO: [VRFC 10-311] analyzing module ID_EX_PipeReg
INFO: [VRFC 10-311] analyzing module IF
INFO: [VRFC 10-311] analyzing module IF_ID_PipeReg
INFO: [VRFC 10-311] analyzing module Registers
INFO: [VRFC 10-311] analyzing module Risc5CPU
INFO: [VRFC 10-311] analyzing module DRAM_dist_mem_gen_v8_0_13
INFO: [VRFC 10-311] analyzing module DRAM_dist_mem_gen_v8_0_13_synth
INFO: [VRFC 10-311] analyzing module DRAM_spram
INFO: [VRFC 10-311] analyzing module glbl
INFO: [VRFC 10-2263] Analyzing Verilog file "C:/Users/Fiee/Documents/GitHouse/Riscv-design/sim/Risc5CPU_tb.v" into library xil_defaultlib
INFO: [VRFC 10-311] analyzing module Risc5CPU_tb_v
